caveadmin challenges complete 631e3896-da2a-4077-974b-d047859d76bc melonmaker
oneblockadmin challenges complete 631e3896-da2a-4077-974b-d047859d76bc applecollector
oneblockadmin challenges complete 631e3896-da2a-4077-974b-d047859d76bc cactuscollector
oneblockadmin challenges complete 631e3896-da2a-4077-974b-d047859d76bc chiseledmaker
oneblockadmin challenges complete 631e3896-da2a-4077-974b-d047859d76bc cobblecollector
oneblockadmin challenges complete 631e3896-da2a-4077-974b-d047859d76bc cobblegenerator
oneblockadmin challenges complete 631e3896-da2a-4077-974b-d047859d76bc crackedmaker
oneblockadmin challenges complete 631e3896-da2a-4077-974b-d047859d76bc melonfarm
oneblockadmin challenges complete 631e3896-da2a-4077-974b-d047859d76bc melonmaker
oneblockadmin challenges complete 631e3896-da2a-4077-974b-d047859d76bc mushroomfarm
oneblockadmin challenges complete 631e3896-da2a-4077-974b-d047859d76bc papermaker
oneblockadmin challenges complete 631e3896-da2a-4077-974b-d047859d76bc pumpkinfarm
oneblockadmin challenges complete 631e3896-da2a-4077-974b-d047859d76bc pumpkinmaker
oneblockadmin challenges complete 631e3896-da2a-4077-974b-d047859d76bc seedcollector
oneblockadmin challenges complete 631e3896-da2a-4077-974b-d047859d76bc stonesmelter
oneblockadmin challenges complete 631e3896-da2a-4077-974b-d047859d76bc treecollector
skyblockadmin challenges complete 631e3896-da2a-4077-974b-d047859d76bc applecollector
skyblockadmin challenges complete 631e3896-da2a-4077-974b-d047859d76bc baker
skyblockadmin challenges complete 631e3896-da2a-4077-974b-d047859d76bc cactuscollector
skyblockadmin challenges complete 631e3896-da2a-4077-974b-d047859d76bc chisedmaker
skyblockadmin challenges complete 631e3896-da2a-4077-974b-d047859d76bc cobblecollector
skyblockadmin challenges complete 631e3896-da2a-4077-974b-d047859d76bc crackedmaker
skyblockadmin challenges complete 631e3896-da2a-4077-974b-d047859d76bc melonmaker
skyblockadmin challenges complete 631e3896-da2a-4077-974b-d047859d76bc papermaker
skyblockadmin challenges complete 631e3896-da2a-4077-974b-d047859d76bc pumpkinmaker
skyblockadmin challenges complete 631e3896-da2a-4077-974b-d047859d76bc seedcollector
skyblockadmin challenges complete 631e3896-da2a-4077-974b-d047859d76bc stonesmelter
skyblockadmin challenges complete 631e3896-da2a-4077-974b-d047859d76bc treecollector
