=== Fish Stats ===
Tier filter         : Mythical
First recorded catch: 2024-01-01
Last recorded catch : 2025-12-01
Total catches       : 482
Span of data        : 701 days (~23.0 months, ~1.92 years)

Average per day     : 0.69
Average per month   : 20.93
Average per year    : 251.14

=== Per-tier totals (in this dataset) ===
Mythical: 482

=== Per-year totals ===
2024: 287 catches
2025: 195 catches

=== Per-month totals ===
2024-01: 35
2024-02: 35
2024-03: 15
2024-04: 17
2024-05: 38
2024-06: 54
2024-07: 31
2024-08: 7
2024-09: 12
2024-10: 8
2024-11: 13
2024-12: 22
2025-01: 3
2025-02: 7
2025-03: 27
2025-04: 9
2025-05: 10
2025-06: 18
2025-07: 16
2025-08: 7
2025-09: 25
2025-10: 45
2025-11: 26
2025-12: 2

=== Overall player leaderboard (catches) ===
mikefelixxg: 61
AiboPals: 59
Nebih: 41
AtariMaster: 36
JahLion: 28
FreddyTF2: 26
BeardedAdventur: 23
JaCkperByte: 17
kgrim1: 16
1MoreEgg: 15
Laykam: 14
TheOneBanana: 13
TDguy: 11
yakirarage: 10
xPooface_: 7
Audlena: 7
RattlesYT: 6
Pandiinka: 5
Fr33_S0uL: 5
SaltyZeus_: 5
Haliifox55: 4
KoolKidSimp: 4
OctaviaDash: 4
ice2ice: 4
Sied001: 3
Isu3: 2
CroTomaz: 2
mistadle99: 2
SupaNinja24: 2
Shibik: 2
Numerical999: 2
MightyMrBlue: 2
Quin_0_0: 2
MadamBelle: 2
VivienneStardust: 2
Poca_S: 2
MrOzias: 2
ymskkuroneko: 1
MossyFirefly: 1
GamesGamesGames1: 1
YukinoWestalia: 1
DaishaunsBot: 1
Djinathend: 1
SnatsBever: 1
csalva16: 1
Dahlia_Grace: 1
Jemmy614: 1
redqueen2020: 1
Giel2002: 1
BekkieTheBrit: 1
Lonic4242: 1
Mayday237892: 1
BeastsongAmbles: 1
mei_sophie: 1
ManOMrE: 1
BeastiePals: 1
Anonymus20: 1
_DJ3D_: 1
QueenDean: 1
Norovar: 1
Whatulysses: 1
Mr_Eggs3715: 1
N0M4DR6: 1
TomasTr: 1
CynderSky: 1
PHANT0MHUNTER1: 1
Aerolite: 1
legojaco: 1
.RenonXenon: 1
LordBurger2: 1
Al3xluvx: 1

=== Per-tier player leaderboards ===

-- Tier: Mythical (top 10) --
mikefelixxg: 61
AiboPals: 59
Nebih: 41
AtariMaster: 36
JahLion: 28
FreddyTF2: 26
BeardedAdventur: 23
JaCkperByte: 17
kgrim1: 16
1MoreEgg: 15

=== Meta analysis summary ===
Unique players in this dataset: 71
Busiest months (top 3):
  2024-06: 54 catches
  2025-10: 45 catches
  2024-05: 38 catches
Quietest months (bottom 3):
  2025-12: 2 catches
  2025-01: 3 catches
  2025-02: 7 catches
Top 3 players combined account for ~33.4% of all catches.
Top 5 players combined account for ~46.7% of all catches.
Top 10 players combined account for ~66.8% of all catches.
Year-over-year: from 2024 (287 catches) to 2025 (195 catches) → decreased by -92 (-32.1%).

