=== Fish Stats ===
Tier filter         : Platinum
First recorded catch: 2024-01-01
Last recorded catch : 2025-12-01
Total catches       : 3451
Span of data        : 701 days (~23.0 months, ~1.92 years)

Average per day     : 4.92
Average per month   : 149.84
Average per year    : 1798.11

=== Per-tier totals (in this dataset) ===
Platinum: 3451

=== Per-year totals ===
2024: 2125 catches
2025: 1326 catches

=== Per-month totals ===
2024-01: 192
2024-02: 188
2024-03: 162
2024-04: 86
2024-05: 300
2024-06: 537
2024-07: 284
2024-08: 83
2024-09: 57
2024-10: 40
2024-11: 51
2024-12: 145
2025-01: 41
2025-02: 59
2025-03: 163
2025-04: 77
2025-05: 59
2025-06: 84
2025-07: 88
2025-08: 55
2025-09: 152
2025-10: 217
2025-11: 315
2025-12: 16

=== Overall player leaderboard (catches) ===
mikefelixxg: 513
AiboPals: 399
AtariMaster: 369
Nebih: 320
kgrim1: 241
JahLion: 211
FreddyTF2: 199
BeardedAdventur: 187
JaCkperByte: 111
Laykam: 110
1MoreEgg: 80
yakirarage: 68
TheOneBanana: 51
TDguy: 43
ice2ice: 32
Audlena: 31
xPooface_: 28
OctaviaDash: 28
SaltyZeus_: 27
Sied001: 24
Pandiinka: 21
mrfloris: 19
MightyMrBlue: 19
RattlesYT: 18
Fr33_S0uL: 15
Tidala: 13
GamesGamesGames1: 11
KoolKidSimp: 11
mei_sophie: 11
sirAndrew25: 10
Fieger88: 9
Isu3: 8
MoodSwings: 8
MrOzias: 7
CroTomaz: 7
MossyFirefly: 5
Danb135: 5
DaishaunsBot: 5
oBam: 5
SupaNinja24: 5
Poca_S: 5
Logiteq: 4
Haliifox55: 4
LoyalOrange503: 4
ComradeOver: 4
BekkieTheBrit: 4
Vubbo: 4
Mr_Eggs3715: 4
.Ballabull1k: 3
.RenonXenon: 3
ItsKaaan: 3
Dahlia_Grace: 3
mistadle99: 3
TomasTr: 3
MoyUwU: 3
MalekBenzzz: 3
1MoreGoro: 3
VoltMC1: 3
So_Confused: 3
RAbiD97: 3
Jonablauwster: 3
Shibik: 3
LadyStarbrook: 2
MamaBeau: 2
SamPiez: 2
Chief_Digsindirt: 2
FlashMiner23: 2
BeastiePals: 2
Blazing_Lizard3: 2
Djinathend: 2
VenomOwl: 2
CynderSky: 2
VeronicaB: 2
Norovar: 2
jochemgroen2007: 2
KingDoni777: 2
Huge_UwU_Energy: 2
Zwillings_time: 2
_DJ3D_: 2
BarOneGirl: 2
BigTartget71: 2
TeacherKay: 1
TaloncraftYT: 1
bkoehler88: 1
.Gabeisugly9177: 1
mellzer: 1
SteveJaeger: 1
Utecha: 1
dark_killer11: 1
Aerolite: 1
SeraphSam: 1
RustyNation: 1
FangFluffy: 1
LordBurger2: 1
sterlo269: 1
sol8brotha: 1
OvKaart: 1
ARDNMomin: 1
SeventhLeo: 1
Demonic_EggRolls: 1
Pizza_8: 1
rga_balls_bc6: 1
MadamBelle: 1
ParadeShot: 1
Anonymus20: 1
LpsFTW: 1
BeastsongAmbles: 1
DrGoosePuncher: 1
jayd3n473: 1
wlxlic: 1
Oltura8150: 1
TheDutchViking: 1
Quin_0_0: 1
Numerical999: 1
scorto7: 1
RhawkieMC: 1
ECHOOO_exe: 1
Alocasia123: 1
iTarzanOfTheApes: 1
Elm0xz: 1
Riko_4: 1
Pindabij: 1
_space_elephant_: 1
Airfloss: 1
dfrfgh: 1
CrashAnkle: 1
ManOMrE: 1
kfws12: 1
legojaco: 1
StrOliTux: 1
pitrashu: 1
Ludaei: 1
A_o_t_h: 1
PotamusOne: 1
ymskkuroneko: 1

=== Per-tier player leaderboards ===

-- Tier: Platinum (top 10) --
mikefelixxg: 513
AiboPals: 399
AtariMaster: 369
Nebih: 320
kgrim1: 241
JahLion: 211
FreddyTF2: 199
BeardedAdventur: 187
JaCkperByte: 111
Laykam: 110

=== Meta analysis summary ===
Unique players in this dataset: 135
Busiest months (top 3):
  2024-06: 537 catches
  2025-11: 315 catches
  2024-05: 300 catches
Quietest months (bottom 3):
  2025-12: 16 catches
  2024-10: 40 catches
  2025-01: 41 catches
Top 3 players combined account for ~37.1% of all catches.
Top 5 players combined account for ~53.4% of all catches.
Top 10 players combined account for ~77.1% of all catches.
Year-over-year: from 2024 (2125 catches) to 2025 (1326 catches) → decreased by -799 (-37.6%).

