=== Fish Stats ===
Tier filter         : ALL
First recorded catch: 2024-01-01
Last recorded catch : 2025-12-01
Total catches       : 3933
Span of data        : 701 days (~23.0 months, ~1.92 years)

Average per day     : 5.61
Average per month   : 170.77
Average per year    : 2049.26

=== Per-tier totals (in this dataset) ===
Platinum: 3451
Mythical: 482

=== Per-year totals ===
2024: 2412 catches
2025: 1521 catches

=== Per-month totals ===
2024-01: 227
2024-02: 223
2024-03: 177
2024-04: 103
2024-05: 338
2024-06: 591
2024-07: 315
2024-08: 90
2024-09: 69
2024-10: 48
2024-11: 64
2024-12: 167
2025-01: 44
2025-02: 66
2025-03: 190
2025-04: 86
2025-05: 69
2025-06: 102
2025-07: 104
2025-08: 62
2025-09: 177
2025-10: 262
2025-11: 341
2025-12: 18

=== Overall player leaderboard (catches) ===
mikefelixxg: 574
AiboPals: 458
AtariMaster: 405
Nebih: 361
kgrim1: 257
JahLion: 239
FreddyTF2: 225
BeardedAdventur: 210
JaCkperByte: 128
Laykam: 124
1MoreEgg: 95
yakirarage: 78
TheOneBanana: 64
TDguy: 54
Audlena: 38
ice2ice: 36
xPooface_: 35
OctaviaDash: 32
SaltyZeus_: 32
Sied001: 27
Pandiinka: 26
RattlesYT: 24
MightyMrBlue: 21
Fr33_S0uL: 20
mrfloris: 19
KoolKidSimp: 15
Tidala: 13
GamesGamesGames1: 12
mei_sophie: 12
sirAndrew25: 10
Isu3: 10
MrOzias: 9
CroTomaz: 9
Fieger88: 9
Haliifox55: 8
MoodSwings: 8
SupaNinja24: 7
Poca_S: 7
MossyFirefly: 6
DaishaunsBot: 6
Danb135: 5
mistadle99: 5
BekkieTheBrit: 5
Shibik: 5
oBam: 5
Mr_Eggs3715: 5
Logiteq: 4
LoyalOrange503: 4
ComradeOver: 4
.RenonXenon: 4
Dahlia_Grace: 4
TomasTr: 4
Vubbo: 4
.Ballabull1k: 3
BeastiePals: 3
ItsKaaan: 3
Djinathend: 3
MoyUwU: 3
MadamBelle: 3
CynderSky: 3
MalekBenzzz: 3
Numerical999: 3
Norovar: 3
1MoreGoro: 3
VoltMC1: 3
So_Confused: 3
_DJ3D_: 3
RAbiD97: 3
Quin_0_0: 3
Jonablauwster: 3
ymskkuroneko: 2
LadyStarbrook: 2
MamaBeau: 2
SamPiez: 2
Chief_Digsindirt: 2
FlashMiner23: 2
Aerolite: 2
Blazing_Lizard3: 2
LordBurger2: 2
VenomOwl: 2
BeastsongAmbles: 2
VeronicaB: 2
Anonymus20: 2
ManOMrE: 2
jochemgroen2007: 2
KingDoni777: 2
Huge_UwU_Energy: 2
Zwillings_time: 2
BarOneGirl: 2
VivienneStardust: 2
BigTartget71: 2
legojaco: 2
TeacherKay: 1
TaloncraftYT: 1
bkoehler88: 1
.Gabeisugly9177: 1
YukinoWestalia: 1
mellzer: 1
SteveJaeger: 1
Utecha: 1
dark_killer11: 1
SeraphSam: 1
RustyNation: 1
FangFluffy: 1
sterlo269: 1
sol8brotha: 1
SnatsBever: 1
OvKaart: 1
csalva16: 1
ARDNMomin: 1
Jemmy614: 1
redqueen2020: 1
SeventhLeo: 1
Demonic_EggRolls: 1
Giel2002: 1
Pizza_8: 1
rga_balls_bc6: 1
Lonic4242: 1
Mayday237892: 1
ParadeShot: 1
LpsFTW: 1
DrGoosePuncher: 1
jayd3n473: 1
wlxlic: 1
Oltura8150: 1
TheDutchViking: 1
QueenDean: 1
Whatulysses: 1
scorto7: 1
N0M4DR6: 1
RhawkieMC: 1
ECHOOO_exe: 1
Alocasia123: 1
iTarzanOfTheApes: 1
Elm0xz: 1
Riko_4: 1
Pindabij: 1
PHANT0MHUNTER1: 1
_space_elephant_: 1
Airfloss: 1
dfrfgh: 1
CrashAnkle: 1
kfws12: 1
StrOliTux: 1
pitrashu: 1
Ludaei: 1
A_o_t_h: 1
PotamusOne: 1
Al3xluvx: 1

=== Per-tier player leaderboards ===

-- Tier: Mythical (top 25) --
mikefelixxg: 61
AiboPals: 59
Nebih: 41
AtariMaster: 36
JahLion: 28
FreddyTF2: 26
BeardedAdventur: 23
JaCkperByte: 17
kgrim1: 16
1MoreEgg: 15
Laykam: 14
TheOneBanana: 13
TDguy: 11
yakirarage: 10
xPooface_: 7
Audlena: 7
RattlesYT: 6
Pandiinka: 5
Fr33_S0uL: 5
SaltyZeus_: 5
Haliifox55: 4
KoolKidSimp: 4
OctaviaDash: 4
ice2ice: 4
Sied001: 3

-- Tier: Platinum (top 25) --
mikefelixxg: 513
AiboPals: 399
AtariMaster: 369
Nebih: 320
kgrim1: 241
JahLion: 211
FreddyTF2: 199
BeardedAdventur: 187
JaCkperByte: 111
Laykam: 110
1MoreEgg: 80
yakirarage: 68
TheOneBanana: 51
TDguy: 43
ice2ice: 32
Audlena: 31
xPooface_: 28
OctaviaDash: 28
SaltyZeus_: 27
Sied001: 24
Pandiinka: 21
mrfloris: 19
MightyMrBlue: 19
RattlesYT: 18
Fr33_S0uL: 15

=== Meta analysis summary ===
Unique players in this dataset: 149
Busiest months (top 3):
  2024-06: 591 catches
  2025-11: 341 catches
  2024-05: 338 catches
Quietest months (bottom 3):
  2025-12: 18 catches
  2025-01: 44 catches
  2024-10: 48 catches
Top 3 players combined account for ~36.5% of all catches.
Top 5 players combined account for ~52.3% of all catches.
Top 10 players combined account for ~75.8% of all catches.
Mythical catches: 482 (12.3% of all high-tier catches in this dataset).
Platinum catches: 3451 (87.7%).
Year-over-year: from 2024 (2412 catches) to 2025 (1521 catches) → decreased by -891 (-36.9%).

